<?xml version="1.0" encoding="UTF-8"?>
<!-- Generated by org.testng.reporters.JUnitReportReporter -->
<testsuite hostname="Shukan" name="Info.Analytica.Landingpage" tests="2" failures="0" timestamp="19 Nov 2019 06:32:18 GMT" time="45.223" errors="0">
  <testcase name="Login" time="30.456" classname="Info.Analytica.Landingpage"/>
  <testcase name="Login" time="14.767" classname="Info.Analytica.Landingpage"/>
</testsuite> <!-- Info.Analytica.Landingpage -->
